<?xml version="1.0" encoding="UTF-8"?>
<!-- Generated by org.testng.reporters.JUnitReportReporter -->
<testsuite hostname="DESKTOP-57EUCTP" failures="0" tests="1" name="project2.Project2" time="0.879" errors="0" timestamp="2023-10-24T09:23:42 EEST" skipped="0">
  <testcase classname="project2.Project2" name="Test" time="0.879"/>
  <system-out/>
</testsuite> <!-- project2.Project2 -->
